<?xml version="1.0" encoding="UTF-8"?>
<!-- Generated by org.testng.reporters.JUnitXMLReporter -->
<testsuite hostname="DESKTOP-987SG1D" ignored="0" name="Test" tests="7" failures="0" timestamp="2020-07-22T09:57:45 IST" time="164.26" errors="0">
  <testcase name="loginTest" time="12.124" classname="com.wordpress.qa.testcases.LoginPageTest"/>
  <testcase name="loginTest" time="19.158" classname="com.wordpress.qa.testcases.MyappoimentPageTest"/>
  <testcase name="loginTest" time="17.102" classname="com.wordpress.qa.testcases.NewAppoimentPageTest"/>
  <testcase name="wishlistTest" time="0.253" classname="com.wordpress.qa.testcases.HomePageTest"/>
  <testcase name="verifiloginBtn" time="3.162" classname="com.wordpress.qa.testcases.HomePageTest"/>
  <testcase name="verifyNeewUser" time="3.106" classname="com.wordpress.qa.testcases.HomePageTest"/>
  <testcase name="wishlistTest" time="20.761" classname="com.wordpress.qa.testcases.newUserPageTest"/>
</testsuite> <!-- Test -->
